./eaSupervisor.sh: line 34: syntax error near unexpected token `}'
./eaSupervisor.sh: line 34: `}'
./eaSupervisor.sh: line 34: syntax error near unexpected token `}'
./eaSupervisor.sh: line 34: `}'
./eaSupervisor.sh: line 34: syntax error near unexpected token `}'
./eaSupervisor.sh: line 34: `}'
./eaSupervisor.sh: line 34: syntax error near unexpected token `}'
./eaSupervisor.sh: line 34: `}'
./eaSupervisor.sh: line 34: syntax error near unexpected token `}'
./eaSupervisor.sh: line 34: `}'
./eaSupervisor.sh: line 45: /home/brad/Code/mAgent/src/taskOutput/3-1.out: No such file or directory
cat: /home/brad/Code/mAgent/src/taskOutput/3-1.out: No such file or directory
ReturnCode = 1
+ TaskID=4
+ InstanceID=1
+ ServerCommand=sleep
+ shift 3
+ CommandArgs=("$@")
+++ dirname ./eaSupervisor.sh
++ cd .
++ pwd
+ SCRIPTPATH=/home/brad/Code/mAgent/src
+ LOGPATH=/home/brad/Code/mAgent/src/output.txt
+ DBFILE=mAgentQueue.sqlite
+ OUTPUTPATH=/home/brad/Code/mAgent/src/taskOutput
+ OUTPUTFILE=/home/brad/Code/mAgent/src/taskOutput/4-1.out
+ source agentConfig.ini
+ sleep 30
+ ReturnCode=0
+ '[' 0 -eq 0 ']'
+ updateTaskStatus Success
+ local STATUS=Success
+ '[' Success == Success -o Success == Failed ']'
+ sql='UPDATE TASK_QUEUE SET TASK_STATUS = '\''Success'\'', END_TIME = datetime('\''now'\'') WHERE TASK_ID = 4 AND INSTANCE_ID = 1'
+ sqlite3 mAgentQueue.sqlite 'UPDATE TASK_QUEUE SET TASK_STATUS = '\''Success'\'', END_TIME = datetime('\''now'\'') WHERE TASK_ID = 4 AND INSTANCE_ID = 1'
+ updateTaskOutput
++ cat /home/brad/Code/mAgent/src/taskOutput/4-1.out
+ taskOutput=
+ escapedTaskOutput=
+ sql='UPDATE TASK_QUEUE SET TASK_OUTPUT = '\'''\'''
+ sqlite3 mAgentQueue.sqlite 'UPDATE TASK_QUEUE SET TASK_OUTPUT = '\'''\'''
+ echo 'ReturnCode = 0'
ReturnCode = 0
+ TaskID=4
+ InstanceID=1
+ ServerCommand=date
+ shift 3
+ CommandArgs=("$@")
+++ dirname ./eaSupervisor.sh
++ cd .
++ pwd
+ SCRIPTPATH=/home/brad/Code/mAgent/src
+ LOGPATH=/home/brad/Code/mAgent/src/output.txt
+ DBFILE=mAgentQueue.sqlite
+ OUTPUTPATH=/home/brad/Code/mAgent/src/taskOutput
+ OUTPUTFILE=/home/brad/Code/mAgent/src/taskOutput/4-1.out
+ source agentConfig.ini
+ date
+ ReturnCode=0
+ '[' 0 -eq 0 ']'
+ updateTaskStatus Success
+ local STATUS=Success
+ '[' Success == Success -o Success == Failed ']'
+ sql='UPDATE TASK_QUEUE SET TASK_STATUS = '\''Success'\'', END_TIME = datetime('\''now'\'') WHERE TASK_ID = 4 AND INSTANCE_ID = 1'
+ sqlite3 mAgentQueue.sqlite 'UPDATE TASK_QUEUE SET TASK_STATUS = '\''Success'\'', END_TIME = datetime('\''now'\'') WHERE TASK_ID = 4 AND INSTANCE_ID = 1'
+ updateTaskOutput
++ cat /home/brad/Code/mAgent/src/taskOutput/4-1.out
+ taskOutput='Mon May 29 08:39:14 PM EDT 2023'
+ escapedTaskOutput='Mon May 29 08:39:14 PM EDT 2023'
+ sql='UPDATE TASK_QUEUE SET TASK_OUTPUT = '\''Mon May 29 08:39:14 PM EDT 2023'\'''
+ sqlite3 mAgentQueue.sqlite 'UPDATE TASK_QUEUE SET TASK_OUTPUT = '\''Mon May 29 08:39:14 PM EDT 2023'\'''
+ echo 'ReturnCode = 0'
ReturnCode = 0
+ TaskID=5
+ InstanceID=1
+ ServerCommand=date
+ shift 3
+ CommandArgs=("$@")
+++ dirname ./eaSupervisor.sh
++ cd .
++ pwd
+ SCRIPTPATH=/home/brad/Code/mAgent/src
+ LOGPATH=/home/brad/Code/mAgent/src/output.txt
+ DBFILE=mAgentQueue.sqlite
+ OUTPUTPATH=/home/brad/Code/mAgent/src/taskOutput
+ OUTPUTFILE=/home/brad/Code/mAgent/src/taskOutput/5-1.out
+ source agentConfig.ini
+ date
+ ReturnCode=0
+ '[' 0 -eq 0 ']'
+ updateTaskStatus Success
+ local STATUS=Success
+ '[' Success == Success -o Success == Failed ']'
+ sql='UPDATE TASK_QUEUE SET TASK_STATUS = '\''Success'\'', END_TIME = datetime('\''now'\'') WHERE TASK_ID = 5 AND INSTANCE_ID = 1'
+ sqlite3 mAgentQueue.sqlite 'UPDATE TASK_QUEUE SET TASK_STATUS = '\''Success'\'', END_TIME = datetime('\''now'\'') WHERE TASK_ID = 5 AND INSTANCE_ID = 1'
+ updateTaskOutput
++ cat /home/brad/Code/mAgent/src/taskOutput/5-1.out
+ taskOutput='Mon May 29 08:39:30 PM EDT 2023'
+ escapedTaskOutput='Mon May 29 08:39:30 PM EDT 2023'
+ sql='UPDATE TASK_QUEUE SET TASK_OUTPUT = '\''Mon May 29 08:39:30 PM EDT 2023'\'''
+ sqlite3 mAgentQueue.sqlite 'UPDATE TASK_QUEUE SET TASK_OUTPUT = '\''Mon May 29 08:39:30 PM EDT 2023'\'''
+ echo 'ReturnCode = 0'
ReturnCode = 0
+ TaskID=1
+ InstanceID=1
+ ServerCommand=date
+ shift 3
+ CommandArgs=("$@")
+++ dirname ./eaSupervisor.sh
++ cd .
++ pwd
+ SCRIPTPATH=/home/brad/Code/mAgent/src
+ LOGPATH=/home/brad/Code/mAgent/src/output.txt
+ DBFILE=mAgentQueue.sqlite
+ OUTPUTPATH=/home/brad/Code/mAgent/src/taskOutput
+ OUTPUTFILE=/home/brad/Code/mAgent/src/taskOutput/1-1.out
+ source agentConfig.ini
+ date
+ ReturnCode=0
+ '[' 0 -eq 0 ']'
+ updateTaskStatus Success
+ local STATUS=Success
+ '[' Success == Success -o Success == Failed ']'
+ sql='UPDATE TASK_QUEUE SET TASK_STATUS = '\''Success'\'', END_TIME = datetime('\''now'\'') WHERE TASK_ID = 1 AND INSTANCE_ID = 1'
+ sqlite3 mAgentQueue.sqlite 'UPDATE TASK_QUEUE SET TASK_STATUS = '\''Success'\'', END_TIME = datetime('\''now'\'') WHERE TASK_ID = 1 AND INSTANCE_ID = 1'
+ updateTaskOutput
++ cat /home/brad/Code/mAgent/src/taskOutput/1-1.out
+ taskOutput='Mon May 29 08:41:47 PM EDT 2023'
+ escapedTaskOutput='Mon May 29 08:41:47 PM EDT 2023'
+ sql='UPDATE TASK_QUEUE SET TASK_OUTPUT = '\''Mon May 29 08:41:47 PM EDT 2023'\'' WHERE TASK_ID = 1, AND INSTANCE_ID = 1'
+ sqlite3 mAgentQueue.sqlite 'UPDATE TASK_QUEUE SET TASK_OUTPUT = '\''Mon May 29 08:41:47 PM EDT 2023'\'' WHERE TASK_ID = 1, AND INSTANCE_ID = 1'
Error: in prepare, near ",": syntax error
  Mon May 29 08:41:47 PM EDT 2023' WHERE TASK_ID = 1, AND INSTANCE_ID = 1
                                      error here ---^
+ echo 'ReturnCode = 0'
ReturnCode = 0
+ TaskID=2
+ InstanceID=1
+ ServerCommand=sleep
+ shift 3
+ CommandArgs=("$@")
+++ dirname ./eaSupervisor.sh
++ cd .
++ pwd
+ SCRIPTPATH=/home/brad/Code/mAgent/src
+ LOGPATH=/home/brad/Code/mAgent/src/output.txt
+ DBFILE=mAgentQueue.sqlite
+ OUTPUTPATH=/home/brad/Code/mAgent/src/taskOutput
+ OUTPUTFILE=/home/brad/Code/mAgent/src/taskOutput/2-1.out
+ source agentConfig.ini
+ sleep 10
+ ReturnCode=0
+ '[' 0 -eq 0 ']'
+ updateTaskStatus Success
+ local STATUS=Success
+ '[' Success == Success -o Success == Failed ']'
+ sql='UPDATE TASK_QUEUE SET TASK_STATUS = '\''Success'\'', END_TIME = datetime('\''now'\'') WHERE TASK_ID = 2 AND INSTANCE_ID = 1'
+ sqlite3 mAgentQueue.sqlite 'UPDATE TASK_QUEUE SET TASK_STATUS = '\''Success'\'', END_TIME = datetime('\''now'\'') WHERE TASK_ID = 2 AND INSTANCE_ID = 1'
+ updateTaskOutput
++ cat /home/brad/Code/mAgent/src/taskOutput/2-1.out
+ taskOutput=
+ escapedTaskOutput=
+ sql='UPDATE TASK_QUEUE SET TASK_OUTPUT = '\'''\'' WHERE TASK_ID = 2, AND INSTANCE_ID = 1'
+ sqlite3 mAgentQueue.sqlite 'UPDATE TASK_QUEUE SET TASK_OUTPUT = '\'''\'' WHERE TASK_ID = 2, AND INSTANCE_ID = 1'
Error: in prepare, near ",": syntax error
   TASK_QUEUE SET TASK_OUTPUT = '' WHERE TASK_ID = 2, AND INSTANCE_ID = 1
                                      error here ---^
+ echo 'ReturnCode = 0'
ReturnCode = 0
+ TaskID=3
+ InstanceID=1
+ ServerCommand=sleep
+ shift 3
+ CommandArgs=("$@")
+++ dirname ./eaSupervisor.sh
++ cd .
++ pwd
+ SCRIPTPATH=/home/brad/Code/mAgent/src
+ LOGPATH=/home/brad/Code/mAgent/src/output.txt
+ DBFILE=mAgentQueue.sqlite
+ OUTPUTPATH=/home/brad/Code/mAgent/src/taskOutput
+ OUTPUTFILE=/home/brad/Code/mAgent/src/taskOutput/3-1.out
+ source agentConfig.ini
+ updateTaskStatus Running
+ local STATUS=Running
+ '[' Running == Success -o Running == Failed ']'
+ '[' Running == Running ']'
+ sql='UPDATE TASK_QUEUE SET TASK_STATUS = '\''Running'\'', START_TIME = datetime('\''now'\'')  WHERE TASK_ID = 3 AND INSTANCE_ID = 1'
+ sqlite3 mAgentQueue.sqlite 'UPDATE TASK_QUEUE SET TASK_STATUS = '\''Running'\'', START_TIME = datetime('\''now'\'')  WHERE TASK_ID = 3 AND INSTANCE_ID = 1'
+ sleep 120
+ ReturnCode=0
+ '[' 0 -eq 0 ']'
+ updateTaskStatus Success
+ local STATUS=Success
+ '[' Success == Success -o Success == Failed ']'
+ sql='UPDATE TASK_QUEUE SET TASK_STATUS = '\''Success'\'', END_TIME = datetime('\''now'\'') WHERE TASK_ID = 3 AND INSTANCE_ID = 1'
+ sqlite3 mAgentQueue.sqlite 'UPDATE TASK_QUEUE SET TASK_STATUS = '\''Success'\'', END_TIME = datetime('\''now'\'') WHERE TASK_ID = 3 AND INSTANCE_ID = 1'
+ updateTaskOutput
++ cat /home/brad/Code/mAgent/src/taskOutput/3-1.out
+ taskOutput=
+ escapedTaskOutput=
+ sql='UPDATE TASK_QUEUE SET TASK_OUTPUT = '\'''\'' WHERE TASK_ID = 3, AND INSTANCE_ID = 1'
+ sqlite3 mAgentQueue.sqlite 'UPDATE TASK_QUEUE SET TASK_OUTPUT = '\'''\'' WHERE TASK_ID = 3, AND INSTANCE_ID = 1'
Error: in prepare, near ",": syntax error
   TASK_QUEUE SET TASK_OUTPUT = '' WHERE TASK_ID = 3, AND INSTANCE_ID = 1
                                      error here ---^
+ echo 'ReturnCode = 0'
ReturnCode = 0
+ TaskID=5
+ InstanceID=1
+ ServerCommand=date
+ shift 3
+ CommandArgs=("$@")
+++ dirname ./eaSupervisor.sh
++ cd .
++ pwd
+ SCRIPTPATH=/home/brad/Code/mAgent/src
+ LOGPATH=/home/brad/Code/mAgent/src/output.txt
+ DBFILE=mAgentQueue.sqlite
+ OUTPUTPATH=/home/brad/Code/mAgent/src/taskOutput
+ OUTPUTFILE=/home/brad/Code/mAgent/src/taskOutput/5-1.out
+ source agentConfig.ini
+ updateTaskStatus Running
+ local STATUS=Running
+ '[' Running == Success -o Running == Failed ']'
+ '[' Running == Running ']'
+ sql='UPDATE TASK_QUEUE SET TASK_STATUS = '\''Running'\'', START_TIME = datetime('\''now'\'')  WHERE TASK_ID = 5 AND INSTANCE_ID = 1'
+ sqlite3 mAgentQueue.sqlite 'UPDATE TASK_QUEUE SET TASK_STATUS = '\''Running'\'', START_TIME = datetime('\''now'\'')  WHERE TASK_ID = 5 AND INSTANCE_ID = 1'
+ date
+ ReturnCode=0
+ '[' 0 -eq 0 ']'
+ updateTaskStatus Success
+ local STATUS=Success
+ '[' Success == Success -o Success == Failed ']'
+ sql='UPDATE TASK_QUEUE SET TASK_STATUS = '\''Success'\'', END_TIME = datetime('\''now'\'') WHERE TASK_ID = 5 AND INSTANCE_ID = 1'
+ sqlite3 mAgentQueue.sqlite 'UPDATE TASK_QUEUE SET TASK_STATUS = '\''Success'\'', END_TIME = datetime('\''now'\'') WHERE TASK_ID = 5 AND INSTANCE_ID = 1'
+ updateTaskOutput
++ cat /home/brad/Code/mAgent/src/taskOutput/5-1.out
+ taskOutput='Mon May 29 09:10:44 PM EDT 2023'
+ escapedTaskOutput='Mon May 29 09:10:44 PM EDT 2023'
+ sql='UPDATE TASK_QUEUE SET TASK_OUTPUT = '\''Mon May 29 09:10:44 PM EDT 2023'\'' WHERE TASK_ID = 5, AND INSTANCE_ID = 1'
+ sqlite3 mAgentQueue.sqlite 'UPDATE TASK_QUEUE SET TASK_OUTPUT = '\''Mon May 29 09:10:44 PM EDT 2023'\'' WHERE TASK_ID = 5, AND INSTANCE_ID = 1'
Error: in prepare, near ",": syntax error
  Mon May 29 09:10:44 PM EDT 2023' WHERE TASK_ID = 5, AND INSTANCE_ID = 1
                                      error here ---^
+ echo 'ReturnCode = 0'
ReturnCode = 0
+ TaskID=6
+ InstanceID=1
+ ServerCommand=date
+ shift 3
+ CommandArgs=("$@")
+++ dirname ./eaSupervisor.sh
++ cd .
++ pwd
+ SCRIPTPATH=/home/brad/Code/mAgent/src
+ LOGPATH=/home/brad/Code/mAgent/src/output.txt
+ DBFILE=mAgentQueue.sqlite
+ OUTPUTPATH=/home/brad/Code/mAgent/src/taskOutput
+ OUTPUTFILE=/home/brad/Code/mAgent/src/taskOutput/6-1.out
+ source agentConfig.ini
+ updateTaskStatus Running
+ local STATUS=Running
+ '[' Running == Success -o Running == Failed ']'
+ '[' Running == Running ']'
+ sql='UPDATE TASK_QUEUE SET TASK_STATUS = '\''Running'\'', START_TIME = datetime('\''now'\'')  WHERE TASK_ID = 6 AND INSTANCE_ID = 1'
+ sqlite3 mAgentQueue.sqlite 'UPDATE TASK_QUEUE SET TASK_STATUS = '\''Running'\'', START_TIME = datetime('\''now'\'')  WHERE TASK_ID = 6 AND INSTANCE_ID = 1'
+ date
+ ReturnCode=0
+ '[' 0 -eq 0 ']'
+ updateTaskStatus Success
+ local STATUS=Success
+ '[' Success == Success -o Success == Failed ']'
+ sql='UPDATE TASK_QUEUE SET TASK_STATUS = '\''Success'\'', END_TIME = datetime('\''now'\'') WHERE TASK_ID = 6 AND INSTANCE_ID = 1'
+ sqlite3 mAgentQueue.sqlite 'UPDATE TASK_QUEUE SET TASK_STATUS = '\''Success'\'', END_TIME = datetime('\''now'\'') WHERE TASK_ID = 6 AND INSTANCE_ID = 1'
+ updateTaskOutput
++ cat /home/brad/Code/mAgent/src/taskOutput/6-1.out
+ taskOutput='Mon May 29 09:12:02 PM EDT 2023'
+ escapedTaskOutput='Mon May 29 09:12:02 PM EDT 2023'
+ sql='UPDATE TASK_QUEUE SET TASK_OUTPUT = '\''Mon May 29 09:12:02 PM EDT 2023'\'' WHERE TASK_ID = 6 AND INSTANCE_ID = 1'
+ sqlite3 mAgentQueue.sqlite 'UPDATE TASK_QUEUE SET TASK_OUTPUT = '\''Mon May 29 09:12:02 PM EDT 2023'\'' WHERE TASK_ID = 6 AND INSTANCE_ID = 1'
+ echo 'ReturnCode = 0'
ReturnCode = 0
+ TaskID=6
+ InstanceID=1
+ ServerCommand=date
+ shift 3
+ CommandArgs=("$@")
+++ dirname ./eaSupervisor.sh
++ cd .
++ pwd
+ SCRIPTPATH=/home/brad/Code/mAgent/src
+ LOGPATH=/home/brad/Code/mAgent/src/output.txt
+ DBFILE=mAgentQueue.sqlite
+ OUTPUTPATH=/home/brad/Code/mAgent/src/taskOutput
+ OUTPUTFILE=/home/brad/Code/mAgent/src/taskOutput/6-1.out
+ source agentConfig.ini
+ updateTaskStatus Running
+ local STATUS=Running
+ '[' Running == Success -o Running == Failed ']'
+ '[' Running == Running ']'
+ sql='UPDATE TASK_QUEUE SET TASK_STATUS = '\''Running'\'', START_TIME = datetime('\''now'\'')  WHERE TASK_ID = 6 AND INSTANCE_ID = 1'
+ sqlite3 mAgentQueue.sqlite 'UPDATE TASK_QUEUE SET TASK_STATUS = '\''Running'\'', START_TIME = datetime('\''now'\'')  WHERE TASK_ID = 6 AND INSTANCE_ID = 1'
+ date +%Y
+ ReturnCode=0
+ '[' 0 -eq 0 ']'
+ updateTaskStatus Success
+ local STATUS=Success
+ '[' Success == Success -o Success == Failed ']'
+ sql='UPDATE TASK_QUEUE SET TASK_STATUS = '\''Success'\'', END_TIME = datetime('\''now'\'') WHERE TASK_ID = 6 AND INSTANCE_ID = 1'
+ sqlite3 mAgentQueue.sqlite 'UPDATE TASK_QUEUE SET TASK_STATUS = '\''Success'\'', END_TIME = datetime('\''now'\'') WHERE TASK_ID = 6 AND INSTANCE_ID = 1'
+ updateTaskOutput
++ cat /home/brad/Code/mAgent/src/taskOutput/6-1.out
+ taskOutput=2023
+ escapedTaskOutput=2023
+ sql='UPDATE TASK_QUEUE SET TASK_OUTPUT = '\''2023'\'' WHERE TASK_ID = 6 AND INSTANCE_ID = 1'
+ sqlite3 mAgentQueue.sqlite 'UPDATE TASK_QUEUE SET TASK_OUTPUT = '\''2023'\'' WHERE TASK_ID = 6 AND INSTANCE_ID = 1'
+ echo 'ReturnCode = 0'
ReturnCode = 0
+ TaskID=7
+ InstanceID=1
+ ServerCommand=date
+ shift 3
+ CommandArgs=("$@")
+++ dirname ./eaSupervisor.sh
++ cd .
++ pwd
+ SCRIPTPATH=/home/brad/Code/mAgent/src
+ LOGPATH=/home/brad/Code/mAgent/src/output.txt
+ DBFILE=mAgentQueue.sqlite
+ OUTPUTPATH=/home/brad/Code/mAgent/src/taskOutput
+ OUTPUTFILE=/home/brad/Code/mAgent/src/taskOutput/7-1.out
+ source agentConfig.ini
+ updateTaskStatus Running
+ local STATUS=Running
+ '[' Running == Success -o Running == Failed ']'
+ '[' Running == Running ']'
+ sql='UPDATE TASK_QUEUE SET TASK_STATUS = '\''Running'\'', START_TIME = datetime('\''now'\'')  WHERE TASK_ID = 7 AND INSTANCE_ID = 1'
+ sqlite3 mAgentQueue.sqlite 'UPDATE TASK_QUEUE SET TASK_STATUS = '\''Running'\'', START_TIME = datetime('\''now'\'')  WHERE TASK_ID = 7 AND INSTANCE_ID = 1'
+ date +%Y
+ ReturnCode=0
+ '[' 0 -eq 0 ']'
+ updateTaskStatus Success
+ local STATUS=Success
+ '[' Success == Success -o Success == Failed ']'
+ sql='UPDATE TASK_QUEUE SET TASK_STATUS = '\''Success'\'', END_TIME = datetime('\''now'\'') WHERE TASK_ID = 7 AND INSTANCE_ID = 1'
+ sqlite3 mAgentQueue.sqlite 'UPDATE TASK_QUEUE SET TASK_STATUS = '\''Success'\'', END_TIME = datetime('\''now'\'') WHERE TASK_ID = 7 AND INSTANCE_ID = 1'
+ updateTaskOutput
++ cat /home/brad/Code/mAgent/src/taskOutput/7-1.out
+ taskOutput=2023
+ escapedTaskOutput=2023
+ sql='UPDATE TASK_QUEUE SET TASK_OUTPUT = '\''2023'\'' WHERE TASK_ID = 7 AND INSTANCE_ID = 1'
+ sqlite3 mAgentQueue.sqlite 'UPDATE TASK_QUEUE SET TASK_OUTPUT = '\''2023'\'' WHERE TASK_ID = 7 AND INSTANCE_ID = 1'
+ echo 'ReturnCode = 0'
ReturnCode = 0
